/home/arun/.rvm/rubies/ruby-2.1.1/bin/ruby extconf.rb 
checking for main() in -lpthread... yes
creating Makefile

make "DESTDIR=" clean

make "DESTDIR="
compiling array.cc
compiling heap.cc
compiling value.cc
compiling locker.cc
compiling external.cc
compiling rr.cc
compiling stack.cc
compiling string.cc
compiling script.cc
compiling date.cc
compiling object.cc
compiling signature.cc
compiling function.cc
compiling primitive.cc
compiling accessor.cc
compiling trycatch.cc
compiling handles.cc
compiling message.cc
compiling context.cc
compiling v8.cc
compiling exception.cc
compiling gc.cc
compiling init.cc
compiling backref.cc
compiling template.cc
compiling constraints.cc
compiling invocation.cc
compiling constants.cc
linking shared-object v8/init.so

make "DESTDIR=" install
/usr/bin/install -m 0755 init.so ./.gem.20140818-4921-pe74ii/v8
installing default init libraries
